2020-10-25_18:30: ===========================
2020-10-25_18:30:        Inicia Servidor     
2020-10-25_18:30: ===========================
2020-10-25_18:30: cliente conectado
2020-10-25_18:31: Socket cerrado, cliente desconectado.
2020-10-25_18:44: ===========================
2020-10-25_18:44:        Inicia Servidor     
2020-10-25_18:44: ===========================
2020-10-25_18:44: cliente conectado
2020-10-25_18:46: Socket cerrado, cliente desconectado.
2020-10-25_19:11: ===========================
2020-10-25_19:11:        Inicia Servidor     
2020-10-25_19:11: ===========================
2020-10-25_19:11: cliente conectado
2020-10-25_19:11: Socket cerrado, cliente desconectado.
2020-10-25_19:12: ===========================
2020-10-25_19:12:        Inicia Servidor     
2020-10-25_19:12: ===========================
2020-10-25_19:12: cliente conectado
2020-10-25_19:12: Socket cerrado, cliente desconectado.
2020-10-25_19:13: ===========================
2020-10-25_19:13:        Inicia Servidor     
2020-10-25_19:13: ===========================
2020-10-25_19:13: cliente conectado
2020-10-25_19:13: Socket cerrado, cliente desconectado.
2020-10-25_19:14: ===========================
2020-10-25_19:14:        Inicia Servidor     
2020-10-25_19:14: ===========================
2020-10-25_19:14: cliente conectado
2020-10-25_19:14: Socket cerrado, cliente desconectado.
2020-10-25_19:21: ===========================
2020-10-25_19:21:        Inicia Servidor     
2020-10-25_19:21: ===========================
2020-10-25_19:21: cliente conectado
2020-10-25_19:21: Socket cerrado, cliente desconectado.
2020-10-25_19:21: ===========================
2020-10-25_19:21:        Inicia Servidor     
2020-10-25_19:21: ===========================
2020-10-25_19:21: cliente conectado
2020-10-25_19:21: Socket cerrado, cliente desconectado.
2020-10-25_19:23: ===========================
2020-10-25_19:23:        Inicia Servidor     
2020-10-25_19:23: ===========================
2020-10-25_19:23: cliente conectado
2020-10-25_19:23: Socket cerrado, cliente desconectado.
2020-10-25_19:31: ===========================
2020-10-25_19:31:        Inicia Servidor     
2020-10-25_19:31: ===========================
2020-10-25_19:31: cliente conectado
2020-10-25_19:31: Socket cerrado, cliente desconectado.
2020-10-25_19:32: ===========================
2020-10-25_19:32:        Inicia Servidor     
2020-10-25_19:32: ===========================
2020-10-25_19:32: cliente conectado
2020-10-25_19:32: Socket cerrado, cliente desconectado.
2020-10-25_19:32: ===========================
2020-10-25_19:32:        Inicia Servidor     
2020-10-25_19:32: ===========================
2020-10-25_19:32: cliente conectado
2020-10-25_19:32: Socket cerrado, cliente desconectado.
2020-10-25_19:33: ===========================
2020-10-25_19:33:        Inicia Servidor     
2020-10-25_19:33: ===========================
2020-10-25_19:33: cliente conectado
2020-10-25_19:33: Socket cerrado, cliente desconectado.
2020-10-25_19:34: ===========================
2020-10-25_19:34:        Inicia Servidor     
2020-10-25_19:34: ===========================
2020-10-25_19:34: cliente conectado
2020-10-25_19:34: Socket cerrado, cliente desconectado.
2020-10-25_19:37: ===========================
2020-10-25_19:37:        Inicia Servidor     
2020-10-25_19:37: ===========================
2020-10-25_19:37: cliente conectado
2020-10-25_19:37: Socket cerrado, cliente desconectado.
2020-10-25_19:38: ===========================
2020-10-25_19:38:        Inicia Servidor     
2020-10-25_19:38: ===========================
2020-10-25_19:38: cliente conectado
2020-10-25_19:38: Socket cerrado, cliente desconectado.
2020-10-26_17:22: ===========================
2020-10-26_17:22:        Inicia Servidor     
2020-10-26_17:22: ===========================
2020-10-26_17:22: cliente conectado
2020-10-26_17:23: Socket cerrado, cliente desconectado.
2020-10-26_17:49: ===========================
2020-10-26_17:49:        Inicia Servidor     
2020-10-26_17:49: ===========================
2020-10-26_17:49: cliente conectado
2020-10-26_17:49: Socket cerrado, cliente desconectado.
2020-10-26_17:53: ===========================
2020-10-26_17:53:        Inicia Servidor     
2020-10-26_17:53: ===========================
2020-10-26_17:53: cliente conectado
2020-10-26_17:53: Socket cerrado, cliente desconectado.
2020-10-26_19:15: ===========================
2020-10-26_19:15:        Inicia Servidor     
2020-10-26_19:15: ===========================
2020-10-26_19:15: cliente conectado
2020-10-26_19:16: Socket cerrado, cliente desconectado.
2020-10-26_19:18: ===========================
2020-10-26_19:18:        Inicia Servidor     
2020-10-26_19:18: ===========================
2020-10-26_19:18: cliente conectado
2020-10-26_19:19: ===========================
2020-10-26_19:19:        Inicia Servidor     
2020-10-26_19:19: ===========================
2020-10-26_19:19: cliente conectado
2020-10-26_19:19: Socket cerrado, cliente desconectado.
2020-10-26_19:20: ===========================
2020-10-26_19:20:        Inicia Servidor     
2020-10-26_19:20: ===========================
2020-10-26_19:20: cliente conectado
2020-10-26_19:20: Socket cerrado, cliente desconectado.
2020-10-26_19:23: ===========================
2020-10-26_19:23:        Inicia Servidor     
2020-10-26_19:23: ===========================
2020-10-26_19:23: cliente conectado
2020-10-26_19:23: Socket cerrado, cliente desconectado.
2020-10-26_19:27: ===========================
2020-10-26_19:27:        Inicia Servidor     
2020-10-26_19:27: ===========================
2020-10-26_19:27: cliente conectado
2020-10-26_19:27: Socket cerrado, cliente desconectado.
2020-10-26_19:32: ===========================
2020-10-26_19:32:        Inicia Servidor     
2020-10-26_19:32: ===========================
2020-10-26_19:32: cliente conectado
2020-10-26_19:32: Socket cerrado, cliente desconectado.
2020-10-26_19:36: ===========================
2020-10-26_19:36:        Inicia Servidor     
2020-10-26_19:36: ===========================
2020-10-26_19:36: cliente conectado
2020-10-26_19:36: Socket cerrado, cliente desconectado.
2020-10-26_19:38: ===========================
2020-10-26_19:38:        Inicia Servidor     
2020-10-26_19:38: ===========================
2020-10-26_19:38: cliente conectado
2020-10-26_19:38: Socket cerrado, cliente desconectado.
2020-10-26_19:39: ===========================
2020-10-26_19:39:        Inicia Servidor     
2020-10-26_19:39: ===========================
2020-10-26_19:39: cliente conectado
2020-10-26_19:39: Socket cerrado, cliente desconectado.
2020-10-26_19:39: ===========================
2020-10-26_19:39:        Inicia Servidor     
2020-10-26_19:39: ===========================
2020-10-26_19:39: cliente conectado
2020-10-26_19:40: Socket cerrado, cliente desconectado.
2020-10-26_19:40: ===========================
2020-10-26_19:40:        Inicia Servidor     
2020-10-26_19:40: ===========================
2020-10-26_19:40: cliente conectado
2020-10-26_19:41: Socket cerrado, cliente desconectado.
2020-10-26_20:04: ===========================
2020-10-26_20:04:        Inicia Servidor     
2020-10-26_20:04: ===========================
2020-10-26_20:04: cliente conectado
2020-10-26_20:04: Socket cerrado, cliente desconectado.
2020-10-26_20:05: ===========================
2020-10-26_20:05:        Inicia Servidor     
2020-10-26_20:05: ===========================
2020-10-26_20:05: cliente conectado
2020-10-26_20:05: Socket cerrado, cliente desconectado.
2020-10-26_20:06: ===========================
2020-10-26_20:06:        Inicia Servidor     
2020-10-26_20:06: ===========================
2020-10-26_20:06: cliente conectado
2020-10-26_20:06: Socket cerrado, cliente desconectado.
2020-10-26_20:07: ===========================
2020-10-26_20:07:        Inicia Servidor     
2020-10-26_20:07: ===========================
2020-10-26_20:07: cliente conectado
2020-10-26_20:07: Socket cerrado, cliente desconectado.
2020-10-28_15:30: ===========================
2020-10-28_15:30:        Inicia Servidor     
2020-10-28_15:30: ===========================
2020-10-28_15:30: cliente conectado
2020-10-28_15:31: Socket cerrado, cliente desconectado.
2020-10-28_15:34: ===========================
2020-10-28_15:34:        Inicia Servidor     
2020-10-28_15:34: ===========================
2020-10-28_15:34: cliente conectado
2020-10-28_15:34: Socket cerrado, cliente desconectado.
2020-10-28_15:35: ===========================
2020-10-28_15:35:        Inicia Servidor     
2020-10-28_15:35: ===========================
2020-10-28_15:35: cliente conectado
2020-10-28_15:37: Socket cerrado, cliente desconectado.
2020-10-28_15:38: ===========================
2020-10-28_15:38:        Inicia Servidor     
2020-10-28_15:38: ===========================
2020-10-28_15:38: cliente conectado
2020-10-28_15:45: Socket cerrado, cliente desconectado.
2020-10-28_15:46: ===========================
2020-10-28_15:46:        Inicia Servidor     
2020-10-28_15:46: ===========================
2020-10-28_15:46: cliente conectado
2020-10-28_15:46: Socket cerrado, cliente desconectado.
2020-10-28_15:48: ===========================
2020-10-28_15:48:        Inicia Servidor     
2020-10-28_15:48: ===========================
2020-10-28_15:48: cliente conectado
2020-10-28_15:48: Socket cerrado, cliente desconectado.
2020-10-28_15:48: ===========================
2020-10-28_15:48:        Inicia Servidor     
2020-10-28_15:48: ===========================
2020-10-28_15:48: cliente conectado
2020-10-28_15:49: Socket cerrado, cliente desconectado.
2020-10-28_15:50: ===========================
2020-10-28_15:50:        Inicia Servidor     
2020-10-28_15:50: ===========================
2020-10-28_15:50: cliente conectado
2020-10-28_15:51: Socket cerrado, cliente desconectado.
2020-10-28_17:26: ===========================
2020-10-28_17:26:        Inicia Servidor     
2020-10-28_17:26: ===========================
2020-10-28_17:26: cliente conectado
2020-10-28_17:27: Socket cerrado, cliente desconectado.
2020-10-28_17:36: ===========================
2020-10-28_17:36:        Inicia Servidor     
2020-10-28_17:36: ===========================
2020-10-28_17:36: cliente conectado
2020-10-28_17:38: Socket cerrado, cliente desconectado.
<<<<<<< HEAD
=======
2020-10-29_16:00: ===========================
2020-10-29_16:00:        Inicia Servidor     
2020-10-29_16:00: ===========================
2020-10-29_16:00: cliente conectado
2020-10-29_16:02: Socket cerrado, cliente desconectado.
2020-10-29_16:03: ===========================
2020-10-29_16:03:        Inicia Servidor     
2020-10-29_16:03: ===========================
2020-10-29_16:03: cliente conectado
2020-10-29_16:04: Socket cerrado, cliente desconectado.
>>>>>>> aaf1525a4087af83fd53edf4163c4b506cd1cc2b
2020-10-29_16:08: ===========================
2020-10-29_16:08:        Inicia Servidor     
2020-10-29_16:08: ===========================
2020-10-29_16:08: cliente conectado
<<<<<<< HEAD
2020-10-29_16:09: Socket cerrado, cliente desconectado.
2020-10-29_19:29: ===========================
2020-10-29_19:29:        Inicia Servidor     
2020-10-29_19:29: ===========================
2020-10-29_19:29: cliente conectado
2020-10-29_19:30: Socket cerrado, cliente desconectado.
=======
2020-10-29_16:10: Socket cerrado, cliente desconectado.
2020-10-29_18:20: ===========================
2020-10-29_18:20:        Inicia Servidor     
2020-10-29_18:20: ===========================
2020-10-29_18:20: cliente conectado
2020-10-29_18:21: Socket cerrado, cliente desconectado.
>>>>>>> aaf1525a4087af83fd53edf4163c4b506cd1cc2b
2020-10-29_20:05: ===========================
2020-10-29_20:05:        Inicia Servidor     
2020-10-29_20:05: ===========================
2020-10-29_20:05: cliente conectado
2020-10-29_20:06: Socket cerrado, cliente desconectado.
2020-10-29_20:11: ===========================
2020-10-29_20:11:        Inicia Servidor     
2020-10-29_20:11: ===========================
2020-10-29_20:11: cliente conectado
2020-10-29_20:11: Socket cerrado, cliente desconectado.
2020-10-29_21:04: ===========================
2020-10-29_21:04:        Inicia Servidor     
2020-10-29_21:04: ===========================
2020-10-29_21:04: cliente conectado
2020-10-29_21:04: Socket cerrado, cliente desconectado.
2020-10-29_21:09: ===========================
2020-10-29_21:09:        Inicia Servidor     
2020-10-29_21:09: ===========================
2020-10-29_21:09: cliente conectado
2020-10-29_21:09: Socket cerrado, cliente desconectado.
2020-10-29_21:10: ===========================
2020-10-29_21:10:        Inicia Servidor     
2020-10-29_21:10: ===========================
2020-10-29_21:10: cliente conectado
2020-10-29_21:10: Socket cerrado, cliente desconectado.
2020-10-29_21:10: ===========================
2020-10-29_21:10:        Inicia Servidor     
2020-10-29_21:10: ===========================
2020-10-29_21:10: cliente conectado
2020-10-29_21:11: Socket cerrado, cliente desconectado.
2020-10-29_21:11: ===========================
2020-10-29_21:11:        Inicia Servidor     
2020-10-29_21:11: ===========================
2020-10-29_21:11: cliente conectado
2020-10-29_21:11: Socket cerrado, cliente desconectado.
2020-10-29_21:16: ===========================
2020-10-29_21:16:        Inicia Servidor     
2020-10-29_21:16: ===========================
2020-10-29_21:16: cliente conectado
2020-10-29_21:16: Socket cerrado, cliente desconectado.
