2020-10-24_17:51: ===========================
2020-10-24_17:51:        Inicia Sesion       
2020-10-24_17:51: ===========================
2020-10-24_17:51: login;sofia;sofia
2020-10-24_17:58: ===========================
2020-10-24_17:58:        Inicia Sesion       
2020-10-24_17:58: ===========================
2020-10-24_17:58: login;sofia;sofia
2020-10-24_17:59: ===========================
2020-10-24_17:59:        Inicia Sesion       
2020-10-24_17:59: ===========================
2020-10-24_17:59: login;sofia;sofia
<<<<<<< HEAD
2020-10-24_18:07: ===========================
2020-10-24_18:07:        Inicia Sesion       
2020-10-24_18:07: ===========================
2020-10-24_18:07: login;sofia;sofia
2020-10-24_18:07: Socket cerrado, cliente desconectado.
2020-10-24_18:25: ===========================
2020-10-24_18:25:        Inicia Sesion       
2020-10-24_18:25: ===========================
2020-10-24_18:25: login;sofia;sofia
2020-10-24_18:25: Socket cerrado, cliente desconectado.
2020-10-24_18:26: ===========================
2020-10-24_18:26:        Inicia Sesion       
2020-10-24_18:26: ===========================
2020-10-24_18:26: login;sofia;sofia
2020-10-24_18:26: Socket cerrado, cliente desconectado.
2020-10-24_18:48: ===========================
2020-10-24_18:48:        Inicia Sesion       
2020-10-24_18:48: ===========================
2020-10-24_18:48: login;sofia;sofia
2020-10-24_18:48: Socket cerrado, cliente desconectado.
2020-10-24_19:06: ===========================
2020-10-24_19:06:        Inicia Sesion       
2020-10-24_19:06: ===========================
2020-10-24_19:06: login;sofia;sofia
2020-10-24_19:06: Socket cerrado, cliente desconectado.
2020-10-24_19:23: ===========================
2020-10-24_19:23:        Inicia Sesion       
2020-10-24_19:23: ===========================
2020-10-24_19:23: login;sofia;sofia
2020-10-24_19:23: Socket cerrado, cliente desconectado.
2020-10-24_19:23: ===========================
2020-10-24_19:23:        Inicia Sesion       
2020-10-24_19:23: ===========================
2020-10-24_19:23: login;sofia;sofia
2020-10-24_19:24: Socket cerrado, cliente desconectado.
2020-10-24_20:43: ===========================
2020-10-24_20:43:        Inicia Sesion       
2020-10-24_20:43: ===========================
2020-10-24_20:43: login;sofia;sofia
2020-10-24_20:45: ===========================
2020-10-24_20:45:        Inicia Sesion       
2020-10-24_20:45: ===========================
2020-10-24_20:45: login;sofia;sofia
2020-10-24_20:50: ===========================
2020-10-24_20:50:        Inicia Sesion       
2020-10-24_20:50: ===========================
2020-10-24_20:50: login;sofia;sofia
2020-10-24_20:50: Socket cerrado, cliente desconectado.
=======
2020-10-24_20:15: ===========================
2020-10-24_20:15:        Inicia Sesion       
2020-10-24_20:15: ===========================
2020-10-24_20:15: login;sofia;sofia
2020-10-24_20:17: ===========================
2020-10-24_20:17:        Inicia Sesion       
2020-10-24_20:17: ===========================
2020-10-24_20:17: login;sofia;sofia
2020-10-24_20:18: ===========================
2020-10-24_20:18:        Inicia Sesion       
2020-10-24_20:18: ===========================
2020-10-24_20:18: login;sofia;sofia
>>>>>>> 128bbd37b386678838518ee94c97c43bafcdc6ca
